<?xml version="1.0" encoding="UTF-8"?>
<!-- Generated by org.testng.reporters.JUnitReportReporter -->
<testsuite hostname="cubet-Lenovo" failures="0" tests="1" name="automation.Tests.StandAloneTest" time="6.069" errors="0" timestamp="2024-08-22T14:53:25 IST" skipped="0">
  <testcase classname="automation.Tests.StandAloneTest" name="FirstTest" time="6.069"/>
  <system-out/>
</testsuite> <!-- automation.Tests.StandAloneTest -->
