<?xml version="1.0" encoding="UTF-8"?>
<!-- Generated by org.testng.reporters.JUnitReportReporter -->
<testsuite hostname="cubet-Lenovo" failures="0" tests="1" name="automation.Tests.BookStore" time="21.017" errors="0" timestamp="2024-08-22T15:59:20 IST" skipped="0">
  <testcase classname="automation.Tests.BookStore" name="addBookToCart" time="21.017"/>
  <system-out/>
</testsuite> <!-- automation.Tests.BookStore -->
