<?xml version="1.0" encoding="UTF-8"?>
<!-- Generated by org.testng.reporters.JUnitReportReporter -->
<testsuite hostname="cubet-Lenovo" failures="0" tests="1" name="automation.Tests.BookStore" time="8.725" errors="0" timestamp="2024-08-22T16:19:07 IST" skipped="0">
  <testcase classname="automation.Tests.BookStore" name="addBookToCart" time="8.725"/>
  <system-out/>
</testsuite> <!-- automation.Tests.BookStore -->
